<?xml version="1.0" encoding="UTF-8"?>
<!-- Generated by org.testng.reporters.JUnitXMLReporter -->
<testsuite ignored="1" hostname="Susant-Desktop" failures="1" tests="1" name="Default test(failed)" time="0.072" errors="0" timestamp="15 Sep 2023 03:28:30 GMT">
  <testcase classname="org.Assertion.TestAssert" name="test01" time="0.028">
    <failure type="java.lang.AssertionError" message="expected [abcdef] but found [abcde]">
      <![CDATA[java.lang.AssertionError: expected [abcdef] but found [abcde]
at org.Assertion.TestAssert.test01(TestAssert.java:14)
... Removed 31 stack frames]]>
    </failure>
  </testcase> <!-- test01 -->
  <testcase classname="org.Assertion.TestAssert" name="test02" time="0.0">
    <ignored/>
  </testcase> <!-- test02 -->
</testsuite> <!-- Default test(failed) -->
